<test-run id="2" duration="0.005666" testcasecount="2" total="2" passed="2" failed="0" inconclusive="0" skipped="0" result="Passed" start-time="2024-10-09T04:56:54Z" end-time="2024-10-09T04:56:54Z">
  <test-suite type="Assembly" name="nunit.test.dll" fullname="/Users/trung/work/devsamurai/sample-automation-test-import/nunit.test/bin/Debug/net8.0/nunit.test.dll" total="2" passed="2" failed="0" inconclusive="0" skipped="0" result="Passed" start-time="2024-10-09T04:56:54Z" end-time="2024-10-09T04:56:54Z" duration="0.005666">
    <test-suite type="TestSuite" name="MathOperationsTests" fullname="MathOperationsTests" total="2" passed="2" failed="0" inconclusive="0" skipped="0" result="Passed" start-time="2024-10-09T04:56:54Z" end-time="2024-10-09T04:56:54Z" duration="0.005666">
      <test-suite type="TestFixture" name="CalculatorTests" fullname="MathOperationsTests.CalculatorTests" classname="MathOperationsTests.CalculatorTests" total="2" passed="2" failed="0" inconclusive="0" skipped="0" result="Passed" start-time="2024-10-09T04:56:54Z" end-time="2024-10-09T04:56:54Z" duration="0.005666">
        <test-case name="Add_ShouldReturnSum" fullname="MathOperationsTests.CalculatorTests.Add_ShouldReturnSum" methodname="Add_ShouldReturnSum" classname="CalculatorTests" result="Passed" start-time="2024-10-09T04:56:54Z" end-time="2024-10-09T04:56:54Z" duration="0.005523" asserts="0" seed="798335587" />
        <test-case name="Subtract_ShouldReturnDifference" fullname="MathOperationsTests.CalculatorTests.Subtract_ShouldReturnDifference" methodname="Subtract_ShouldReturnDifference" classname="CalculatorTests" result="Passed" start-time="2024-10-09T04:56:54Z" end-time="2024-10-09T04:56:54Z" duration="0.000143" asserts="0" seed="641946102" />
      </test-suite>
    </test-suite>
    <errors />
  </test-suite>
</test-run>